<?xml version="1.0" encoding="UTF-8"?>
<!-- Generated by org.testng.reporters.JUnitReportReporter -->
<testsuite skipped="0" hostname="Alexanders-MacBook-Pro.local" name="tests.ScrollTest" tests="1" failures="0" timestamp="28 Apr 2020 10:39:29 GMT" time="18.691" errors="0">
  <testcase name="scrollingTest" time="18.691" classname="tests.ScrollTest"/>
</testsuite> <!-- tests.ScrollTest -->
