<?xml version="1.0" encoding="UTF-8"?>
<!-- Generated by org.testng.reporters.JUnitReportReporter -->
<testsuite skipped="0" hostname="Alexanders-MacBook-Pro.local" name="tests.TouchActionsTest" tests="1" failures="0" timestamp="24 Apr 2020 10:15:45 GMT" time="7.628" errors="0">
  <testcase name="actionTest" time="7.628" classname="tests.TouchActionsTest"/>
</testsuite> <!-- tests.TouchActionsTest -->
