<?xml version="1.0" encoding="UTF-8"?>
<!-- Generated by org.testng.reporters.JUnitReportReporter -->
<testsuite skipped="0" hostname="Alexanders-MacBook-Pro.local" name="tests.TouchActionsTest" tests="1" failures="0" timestamp="24 Apr 2020 03:39:36 GMT" time="7.587" errors="0">
  <testcase name="menuTest" time="7.587" classname="tests.TouchActionsTest"/>
</testsuite> <!-- tests.TouchActionsTest -->
