<?xml version="1.0" encoding="UTF-8"?>
<!-- Generated by org.testng.reporters.JUnitReportReporter -->
<testsuite skipped="0" hostname="Alexanders-MacBook-Pro.local" name="tests.swipeTest" tests="1" failures="0" timestamp="24 Apr 2020 03:53:30 GMT" time="8.951" errors="0">
  <testcase name="swipeTesting" time="8.951" classname="tests.swipeTest"/>
</testsuite> <!-- tests.swipeTest -->
