<?xml version="1.0" encoding="UTF-8"?>
<!-- Generated by org.testng.reporters.JUnitReportReporter -->
<testsuite skipped="0" hostname="Alexanders-MacBook-Pro.local" name="tests.DatePickerTest" tests="1" failures="0" timestamp="24 Apr 2020 10:35:04 GMT" time="9.426" errors="0">
  <testcase name="datePickerTest" time="9.426" classname="tests.DatePickerTest"/>
</testsuite> <!-- tests.DatePickerTest -->
