<?xml version="1.0" encoding="UTF-8"?>
<!-- Generated by org.testng.reporters.JUnitReportReporter -->
<testsuite skipped="0" hostname="Alexanders-MacBook-Pro.local" name="tests.ScrollTest" tests="1" failures="0" timestamp="27 Apr 2020 13:55:31 GMT" time="14.660" errors="0">
  <testcase name="scrollingTest" time="14.660" classname="tests.ScrollTest"/>
</testsuite> <!-- tests.ScrollTest -->
