<?xml version="1.0" encoding="UTF-8"?>
<!-- Generated by org.testng.reporters.JUnitReportReporter -->
<testsuite skipped="0" hostname="Alexanders-MacBook-Pro.local" name="tests.WebTest" tests="1" failures="0" timestamp="05 May 2020 16:02:24 GMT" time="6.336" errors="0">
  <testcase name="f" time="6.336" classname="tests.WebTest"/>
</testsuite> <!-- tests.WebTest -->
