<?xml version="1.0" encoding="UTF-8"?>
<!-- Generated by org.testng.reporters.JUnitReportReporter -->
<testsuite skipped="0" hostname="Alexanders-MacBook-Pro.local" name="tests.WifiSettingsTest" tests="1" failures="0" timestamp="23 Apr 2020 16:50:11 GMT" time="6.449" errors="0">
  <testcase name="testSomething" time="6.449" classname="tests.WifiSettingsTest"/>
</testsuite> <!-- tests.WifiSettingsTest -->
