<?xml version="1.0" encoding="UTF-8"?>
<!-- Generated by org.testng.reporters.JUnitReportReporter -->
<testsuite skipped="0" hostname="Alexanders-MacBook-Pro.local" name="tests.TouchActionsTest" tests="1" failures="0" timestamp="28 Apr 2020 09:24:19 GMT" time="7.784" errors="0">
  <testcase name="menuTest" time="7.784" classname="tests.TouchActionsTest"/>
</testsuite> <!-- tests.TouchActionsTest -->
