<?xml version="1.0" encoding="UTF-8"?>
<!-- Generated by org.testng.reporters.JUnitReportReporter -->
<testsuite skipped="0" hostname="Alexanders-MacBook-Pro.local" name="tests.DragAndDropTest" tests="1" failures="0" timestamp="27 Apr 2020 04:59:16 GMT" time="8.702" errors="0">
  <testcase name="dragAndDropTesting" time="8.702" classname="tests.DragAndDropTest"/>
</testsuite> <!-- tests.DragAndDropTest -->
